[2024-12-19 15:30:00] [Dodano] plik README.md - Utworzono podstawowy README z opisem projektu, strukturą i instrukcjami
[2024-12-19 15:30:00] [Zmieniono] plik TODO.md - Oznaczono pierwszy punkt jako wykonany
[2024-12-19 15:35:00] [Dodano] plik package.json - Konfiguracja projektu z Phaser 3, Vite i Jest
[2024-12-19 15:35:00] [Dodano] plik index.html - Podstawowy HTML z kontenerem na grę
[2024-12-19 15:35:00] [Dodano] plik src/main.js - Szkielet aplikacji Phaser 3 z pustym ekranem
[2024-12-19 15:35:00] [Dodano] plik vite.config.js - Konfiguracja Vite dla developmentu
[2024-12-19 15:35:00] [Zmieniono] plik TODO.md - Oznaczono drugi punkt jako wykonany
[2024-12-19 15:40:00] [Dodano] plik src/domain/Player.js - Encja gracza z pozycją, życiami i punktami
[2024-12-19 15:40:00] [Dodano] plik src/domain/Chicken.js - Encja kurczaka z logiką spadania i kolizji
[2024-12-19 15:40:00] [Dodano] plik src/application/GameService.js - Serwis gry z logiką biznesową
[2024-12-19 15:40:00] [Dodano] plik src/presentation/GameViewModel.js - ViewModel łączący logikę z widokiem
[2024-12-19 15:40:00] [Dodano] plik src/presentation/GameView.js - Widok gry z renderowaniem Phaser
[2024-12-19 15:40:00] [Dodano] plik src/infrastructure/InputHandler.js - Obsługa wejścia klawiatury i dotyku
[2024-12-19 15:40:00] [Zmieniono] plik src/main.js - Integracja architektury MVVM z Phaser 3
[2024-12-19 15:40:00] [Zmieniono] plik TODO.md - Oznaczono trzeci punkt jako wykonany
[2024-12-19 15:45:00] [Zmieniono] plik src/infrastructure/InputHandler.js - Poprawiono sterowanie dotykowe dla płynności
[2024-12-19 15:45:00] [Zmieniono] plik src/domain/Player.js - Zwiększono prędkość ruchu gracza
[2024-12-19 15:45:00] [Zmieniono] plik TODO.md - Oznaczono pierwszy punkt Fazy 2 jako wykonany
[2024-12-19 15:50:00] [Dodano] plik jest.config.js - Konfiguracja Jest dla testów ES modules
[2024-12-19 15:50:00] [Dodano] plik tests/Player.test.js - Testy jednostkowe dla klasy Player
[2024-12-19 15:50:00] [Dodano] plik tests/Chicken.test.js - Testy jednostkowe dla klasy Chicken
[2024-12-19 15:50:00] [Dodano] plik tests/GameService.test.js - Testy jednostkowe dla GameService
[2024-12-19 15:50:00] [Zmieniono] plik package.json - Dodano type module dla ES modules
[2024-12-19 15:50:00] [Zmieniono] plik TODO.md - Oznaczono punkt testów jako wykonany
[2024-12-19 15:55:00] [Dodano] plik .gitignore - Konfiguracja Git ignore dla projektu Node.js/Phaser
[2024-12-19 16:00:00] [Zmieniono] plik src/presentation/GameView.js - Dodano statycznego kurczaka placeholder i poprawiono kolory
[2024-12-19 16:00:00] [Zmieniono] plik TODO.md - Oznaczono punkt wyświetlania kurczaka jako wykonany
[2024-12-19 16:05:00] [Zmieniono] plik src/presentation/GameView.js - Usunięto statycznego kurczaka placeholder
[2024-12-19 16:05:00] [Zmieniono] plik src/main.js - Przyspieszono spawning kurczaków i dodano pierwszego od razu
[2024-12-19 16:05:00] [Zmieniono] plik src/domain/Chicken.js - Zwiększono prędkość spadania kurczaków
[2024-12-19 16:05:00] [Zmieniono] plik TODO.md - Oznaczono punkt spadania kurczaków jako wykonany
[2024-12-19 16:10:00] [Zmieniono] plik src/domain/Chicken.js - Poprawiono detekcję kolizji (zwiększono obszar)
[2024-12-19 16:10:00] [Zmieniono] plik src/application/GameService.js - Poprawiono logikę kolizji
[2024-12-19 16:10:00] [Zmieniono] plik src/presentation/GameView.js - Dodano komunikat Game Over
[2024-12-19 16:10:00] [Zmieniono] plik TODO.md - Oznaczono punkt detekcji kolizji jako wykonany
[2024-12-19 16:15:00] [Zmieniono] plik src/presentation/GameView.js - Poprawiono HUD z tłem i wizualnymi sercami
[2024-12-19 16:15:00] [Zmieniono] plik TODO.md - Oznaczono punkt HUD jako wykonany
[2024-12-19 16:20:00] [Zmieniono] plik src/application/GameService.js - Dodano śledzenie zdobytych punktów dla feedbacku
[2024-12-19 16:20:00] [Zmieniono] plik src/presentation/GameView.js - Dodano animowany feedback dla zdobytych punktów
[2024-12-19 16:20:00] [Zmieniono] plik TODO.md - Oznaczono punkt naliczania punktów jako wykonany
[2024-12-19 16:25:00] [Dodano] plik tests/GameService.extended.test.js - Rozszerzone testy dla GameService
[2024-12-19 16:25:00] [Dodano] plik tests/GameViewModel.test.js - Testy jednostkowe dla GameViewModel
[2024-12-19 16:25:00] [Dodano] plik tests/Player.extended.test.js - Rozszerzone testy dla Player
[2024-12-19 16:25:00] [Zmieniono] plik tests/Chicken.test.js - Poprawiono testy zgodnie z nową implementacją
[2024-12-19 16:25:00] [Zmieniono] plik tests/GameViewModel.test.js - Poprawiono testy bez użycia jest.fn()
[2024-12-19 16:30:00] [Dodano] plik docs/ARCHITECTURE.md - Dokumentacja architektury Clean Architecture + MVVM
[2024-12-19 16:30:00] [Dodano] plik docs/SETUP.md - Instrukcja instalacji i uruchomienia projektu
[2024-12-19 16:30:00] [Dodano] plik docs/API.md - Dokumentacja API klas i metod
[2024-12-19 16:30:00] [Zmieniono] plik README.md - Dodano linki do dokumentacji i status ukończenia Sprint 1
[2024-12-19 16:30:00] [Zmieniono] plik TODO.md - Oznaczono ostatni punkt jako wykonany - Sprint 1 ukończony
[2024-12-19 16:35:00] [Dodano] plik src/domain/FastChicken.js - Nowy typ kurczaka z przyspieszeniem
[2024-12-19 16:35:00] [Zmieniono] plik src/application/GameService.js - Dodano spawning szybkich kurczaków (30% szans)
[2024-12-19 16:35:00] [Zmieniono] plik src/presentation/GameView.js - Dodano różne kolory dla typów kurczaków
[2024-12-19 16:35:00] [Zmieniono] plik src/domain/Chicken.js - Dodano typ 'normal' do podstawowego kurczaka
[2024-12-19 16:35:00] [Zmieniono] plik TODO.md - Oznaczono pierwszy punkt Sprint 2 jako wykonany
[2024-12-19 16:40:00] [Dodano] plik src/domain/ChaoticChicken.js - Kurczak chaotyczny z losową zmianą kierunku
[2024-12-19 16:40:00] [Zmieniono] plik src/application/GameService.js - Dodano spawning chaotycznych kurczaków (25% każdy typ)
[2024-12-19 16:40:00] [Zmieniono] plik src/presentation/GameView.js - Dodano fioletowy kolor dla chaotycznych kurczaków
[2024-12-19 16:40:00] [Zmieniono] plik TODO.md - Oznaczono drugi punkt Sprint 2 jako wykonany
[2024-12-19 16:45:00] [Dodano] plik src/domain/MutantChicken.js - Kurczak mutant z dynamiczną zmianą rozmiaru
[2024-12-19 16:45:00] [Zmieniono] plik src/application/GameService.js - Dodano spawning mutant kurczaków (20% każdy typ)
[2024-12-19 16:45:00] [Zmieniono] plik src/presentation/GameView.js - Dodano zielony kolor i dynamiczny rozmiar dla mutantów
[2024-12-19 16:45:00] [Zmieniono] plik TODO.md - Oznaczono trzeci punkt Sprint 2 jako wykonany
[2024-12-19 16:47:00] [Zmieniono] plik src/presentation/GameView.js - Poprawiono aby tylko mutant kurczaki zmieniały rozmiar
[2024-12-19 16:50:00] [Dodano] plik tests/FastChicken.test.js - Testy jednostkowe dla FastChicken
[2024-12-19 16:50:00] [Dodano] plik tests/ChaoticChicken.test.js - Testy jednostkowe dla ChaoticChicken
[2024-12-19 16:50:00] [Dodano] plik tests/MutantChicken.test.js - Testy jednostkowe dla MutantChicken
[2024-12-19 16:50:00] [Zmieniono] plik tests/GameService.test.js - Rozszerzono o testy różnych typów kurczaków
[2024-12-19 16:50:00] [Zmieniono] plik tests/MutantChicken.test.js - Poprawiono test kolizji
[2024-12-19 16:55:00] [Zmieniono] plik src/application/GameService.js - Dodano system mnożnika punktów oparty na serii uników
[2024-12-19 16:55:00] [Zmieniono] plik src/presentation/GameView.js - Dodano wyświetlanie mnożnika w HUD
[2024-12-19 16:55:00] [Zmieniono] plik TODO.md - Oznaczono punkt mnożnika jako wykonany
[2024-12-19 17:00:00] [Dodano] plik tests/Multiplier.test.js - Testy jednostkowe dla systemu mnożnika
[2024-12-19 17:00:00] [Zmieniono] plik docs/ARCHITECTURE.md - Zaktualizowano o nowe typy kurczaków i mnożnik
[2024-12-19 17:00:00] [Dodano] plik docs/MECHANICS.md - Szczegółowa dokumentacja mechanik gry
[2024-12-19 17:00:00] [Zmieniono] plik docs/API.md - Dodano nowe typy kurczaków i system mnożnika
[2024-12-19 17:00:00] [Zmieniono] plik tests/Multiplier.test.js - Poprawiono testy mnożnika
[2024-12-19 17:05:00] [Dodano] plik src/domain/PowerUp.js - System power-upów z 5 typami pozytywnych efektów
[2024-12-19 17:05:00] [Zmieniono] plik src/application/GameService.js - Dodano spawning i logikę power-upów
[2024-12-19 17:05:00] [Zmieniono] plik src/domain/Player.js - Dodano wsparcie dla przyspieszenia
[2024-12-19 17:05:00] [Zmieniono] plik src/presentation/GameViewModel.js - Przekazywanie przyspieszenia do gracza
[2024-12-19 17:05:00] [Zmieniono] plik src/presentation/GameView.js - Renderowanie power-upów i efektów wizualnych
[2024-12-19 17:05:00] [Zmieniono] plik TODO.md - Oznaczono pierwszy punkt Sprint 3 jako wykonany
[2024-12-19 17:10:00] [Zmieniono] plik src/presentation/GameView.js - Zmieniono power-upy na okręgi z białą ramką
[2024-12-19 17:10:00] [Zmieniono] plik src/presentation/GameView.js - Dodano legendę kolorów power-upów
[2024-12-19 17:15:00] [Dodano] plik tests/PowerUp.test.js - Testy jednostkowe dla klasy PowerUp
[2024-12-19 17:15:00] [Dodano] plik tests/PowerUpSystem.test.js - Testy systemu power-upów w GameService
[2024-12-19 17:15:00] [Dodano] plik tests/PlayerMovement.test.js - Testy ruchu gracza z power-upami